# JRE version: Java(TM) SE Runtime Environment (8.0_211-b12) (build 1.8.0_211-b12)
# Java VM: Java HotSpot(TM) 64-Bit Server VM (25.211-b12 mixed mode windows-amd64 compressed oops)
Heap:
 garbage-first heap   total 419840K, used 233600K [0x00000000c0000000, 0x00000000c0100cd0, 0x0000000100000000)
  region size 1024K, 56 young (57344K), 3 survivors (3072K)
 Metaspace       used 202701K, capacity 222806K, committed 224768K, reserved 1245184K
  class space    used 24094K, capacity 29470K, committed 29952K, reserved 1048576K
GC Heap History (10 events):
Event: 775.631 GC heap before
{Heap before GC invocations=123 (full 0):
 garbage-first heap   total 419840K, used 358546K [0x00000000c0000000, 0x00000000c0100cd0, 0x0000000100000000)
  region size 1024K, 170 young (174080K), 17 survivors (17408K)
 Metaspace       used 204374K, capacity 224324K, committed 224512K, reserved 1243136K
  class space    used 24446K, capacity 29892K, committed 29952K, reserved 1048576K
Event: 775.650 GC heap after
Heap after GC invocations=124 (full 0):
 garbage-first heap   total 419840K, used 195730K [0x00000000c0000000, 0x00000000c0100cd0, 0x0000000100000000)
  region size 1024K, 11 young (11264K), 11 survivors (11264K)
 Metaspace       used 204374K, capacity 224324K, committed 224512K, reserved 1243136K
  class space    used 24446K, capacity 29892K, committed 29952K, reserved 1048576K
}
Event: 776.913 GC heap before
{Heap before GC invocations=124 (full 0):
 garbage-first heap   total 419840K, used 333669K [0x00000000c0000000, 0x00000000c0100cd0, 0x0000000100000000)
  region size 1024K, 145 young (148480K), 11 survivors (11264K)
 Metaspace       used 204444K, capacity 224452K, committed 224512K, reserved 1243136K
  class space    used 24446K, capacity 29892K, committed 29952K, reserved 1048576K
Event: 776.934 GC heap after
Heap after GC invocations=125 (full 0):
 garbage-first heap   total 419840K, used 200188K [0x00000000c0000000, 0x00000000c0100cd0, 0x0000000100000000)
  region size 1024K, 15 young (15360K), 15 survivors (15360K)
 Metaspace       used 204444K, capacity 224452K, committed 224512K, reserved 1243136K
  class space    used 24446K, capacity 29892K, committed 29952K, reserved 1048576K
}
Event: 778.005 GC heap before
{Heap before GC invocations=126 (full 0):
 garbage-first heap   total 419840K, used 364695K [0x00000000c0000000, 0x00000000c0100cd0, 0x0000000100000000)
  region size 1024K, 171 young (175104K), 15 survivors (15360K)
 Metaspace       used 201342K, capacity 221152K, committed 224512K, reserved 1243136K
  class space    used 23931K, capacity 29297K, committed 29952K, reserved 1048576K
Event: 778.038 GC heap after
Heap after GC invocations=127 (full 0):
 garbage-first heap   total 419840K, used 195730K [0x00000000c0000000, 0x00000000c0100cd0, 0x0000000100000000)
  region size 1024K, 11 young (11264K), 11 survivors (11264K)
 Metaspace       used 201342K, capacity 221152K, committed 224512K, reserved 1243136K
  class space    used 23931K, capacity 29297K, committed 29952K, reserved 1048576K
}
Event: 783.674 GC heap before
{Heap before GC invocations=127 (full 0):
 garbage-first heap   total 419840K, used 204946K [0x00000000c0000000, 0x00000000c0100cd0, 0x0000000100000000)
  region size 1024K, 20 young (20480K), 11 survivors (11264K)
 Metaspace       used 201437K, capacity 221264K, committed 224768K, reserved 1245184K
  class space    used 23945K, capacity 29305K, committed 29952K, reserved 1048576K
Event: 783.724 GC heap after
Heap after GC invocations=128 (full 0):
 garbage-first heap   total 419840K, used 178198K [0x00000000c0000000, 0x00000000c0100cd0, 0x0000000100000000)
  region size 1024K, 3 young (3072K), 3 survivors (3072K)
 Metaspace       used 201437K, capacity 221264K, committed 224768K, reserved 1245184K
  class space    used 23945K, capacity 29305K, committed 29952K, reserved 1048576K
}
Event: 789.173 GC heap before
{Heap before GC invocations=128 (full 0):
 garbage-first heap   total 419840K, used 195606K [0x00000000c0000000, 0x00000000c0100cd0, 0x0000000100000000)
  region size 1024K, 20 young (20480K), 3 survivors (3072K)
 Metaspace       used 201593K, capacity 221522K, committed 224768K, reserved 1245184K
  class space    used 23965K, capacity 29316K, committed 29952K, reserved 1048576K
Event: 789.197 GC heap after
Heap after GC invocations=129 (full 0):
 garbage-first heap   total 419840K, used 180352K [0x00000000c0000000, 0x00000000c0100cd0, 0x0000000100000000)
  region size 1024K, 3 young (3072K), 3 survivors (3072K)
 Metaspace       used 201593K, capacity 221522K, committed 224768K, reserved 1245184K
  class space    used 23965K, capacity 29316K, committed 29952K, reserved 1048576K
}

